#
# A fatal error has been detected by the Java Runtime Environment:
#
#  EXCEPTION_ACCESS_VIOLATION (0xc0000005) at pc=0x00007fffda739d3a, pid=12504, tid=12192
#
# JRE version: OpenJDK Runtime Environment Corretto-16.0.2.7.1 (16.0.2+7) (build 16.0.2+7)
# Java VM: OpenJDK 64-Bit Server VM Corretto-16.0.2.7.1 (16.0.2+7, mixed mode, sharing, tiered, compressed oops, compressed class ptrs, g1 gc, windows-amd64)
# Problematic frame:
# C  [skiko-windows-x64.dll+0x79d3a]
#
# No core dump will be written. Minidumps are not enabled by default on client versions of Windows
#
# If you would like to submit a bug report, please visit:
#   https://github.com/corretto/corretto-jdk/issues/
# The crash happened outside the Java Virtual Machine in native code.
# See problematic frame for where to report the bug.
#

---------------  S U M M A R Y ------------

Command Line: -javaagent:C:\Users\Usuario\AppData\Local\JetBrains\Toolbox\apps\IDEA-E\ch-0\212.5284.55\lib\idea_rt.jar=53834:C:\Users\Usuario\AppData\Local\JetBrains\Toolbox\apps\IDEA-E\ch-0\212.5284.55\bin -Dfile.encoding=UTF-8 MainKt

Host: Intel(R) Core(TM) i5-6200U CPU @ 2.30GHz, 4 cores, 7G,  Windows 10 , 64 bit Build 19041 (10.0.19041.1645)
Time: Sun Apr 17 23:15:31 2022 Hora de verano romance elapsed time: 25.016389 seconds (0d 0h 0m 25s)

---------------  T H R E A D  ---------------

Current thread (0x000001d158c95940):  JavaThread "AWT-EventQueue-0" [_thread_in_native, id=12192, stack(0x0000008f00600000,0x0000008f00700000)]

Stack: [0x0000008f00600000,0x0000008f00700000],  sp=0x0000008f006fe930,  free space=1018k
Native frames: (J=compiled Java code, j=interpreted, Vv=VM code, C=native code)
C  [skiko-windows-x64.dll+0x79d3a]

Java frames: (J=compiled Java code, j=interpreted, Vv=VM code)
j  org.jetbrains.skiko.redrawer.Direct3DRedrawer.getBufferIndex(J)I+0
j  org.jetbrains.skiko.context.Direct3DContextHandler.initCanvas()V+257
j  org.jetbrains.skiko.SkiaLayer.prepareDrawContext$skiko()Z+92
j  org.jetbrains.skiko.redrawer.Direct3DRedrawer.draw(Lkotlin/coroutines/Continuation;)Ljava/lang/Object;+4
j  org.jetbrains.skiko.redrawer.Direct3DRedrawer.access$draw(Lorg/jetbrains/skiko/redrawer/Direct3DRedrawer;Lkotlin/coroutines/Continuation;)Ljava/lang/Object;+2
j  org.jetbrains.skiko.redrawer.Direct3DRedrawer$frameDispatcher$1.invokeSuspend(Ljava/lang/Object;)Ljava/lang/Object;+59
j  org.jetbrains.skiko.redrawer.Direct3DRedrawer$frameDispatcher$1.invoke(Lkotlin/coroutines/Continuation;)Ljava/lang/Object;+11
j  org.jetbrains.skiko.redrawer.Direct3DRedrawer$frameDispatcher$1.invoke(Ljava/lang/Object;)Ljava/lang/Object;+5
j  org.jetbrains.skiko.FrameDispatcher$job$1.invokeSuspend(Ljava/lang/Object;)Ljava/lang/Object;+100
J 3044 c2 kotlin.coroutines.jvm.internal.BaseContinuationImpl.resumeWith(Ljava/lang/Object;)V (142 bytes) @ 0x000001d1498164d4 [0x000001d149816480+0x0000000000000054]
J 4047 c2 kotlinx.coroutines.DispatchedTask.run()V (658 bytes) @ 0x000001d149977554 [0x000001d149977220+0x0000000000000334]
J 3956 c2 java.awt.EventQueue$4.run()Ljava/lang/Void; java.desktop@16.0.2 (60 bytes) @ 0x000001d1499483d4 [0x000001d149948040+0x0000000000000394]
J 3810 c2 java.awt.EventDispatchThread.pumpOneEventForFilters(I)V java.desktop@16.0.2 (113 bytes) @ 0x000001d149938330 [0x000001d149937a60+0x00000000000008d0]
J 4067% c2 java.awt.EventDispatchThread.pumpEventsForFilter(ILjava/awt/Conditional;Ljava/awt/EventFilter;)V java.desktop@16.0.2 (47 bytes) @ 0x000001d149987298 [0x000001d149986ce0+0x00000000000005b8]
j  java.awt.EventDispatchThread.pumpEventsForHierarchy(ILjava/awt/Conditional;Ljava/awt/Component;)V+11 java.desktop@16.0.2
j  java.awt.EventDispatchThread.pumpEvents(ILjava/awt/Conditional;)V+4 java.desktop@16.0.2
j  java.awt.EventDispatchThread.pumpEvents(Ljava/awt/Conditional;)V+3 java.desktop@16.0.2
j  java.awt.EventDispatchThread.run()V+9 java.desktop@16.0.2
v  ~StubRoutines::call_stub

siginfo: EXCEPTION_ACCESS_VIOLATION (0xc0000005), reading address 0x0000000000000000


Register to memory mapping:

RIP=0x00007fffda739d3a skiko-windows-x64.dll
RAX=0x0 is NULL
RBX=0x000001d15a5ef3d0 points into unknown readable memory: 0x0000000000050494 | 94 04 05 00 00 00 00 00
RCX=0x0 is NULL
RDX=0x0000008f006fea28 is pointing into the stack for thread: 0x000001d158c95940
RSP=0x0000008f006fe930 is pointing into the stack for thread: 0x000001d158c95940
RBP=0x0000008f006fe9f8 is pointing into the stack for thread: 0x000001d158c95940
RSI=0x0000000000000148 is an unknown value
RDI=0x0 is NULL
R8 =0x000001d15a5ef3d0 points into unknown readable memory: 0x0000000000050494 | 94 04 05 00 00 00 00 00
R9 =0x00000000490f8f2d is an unknown value
R10=0x000001d141bfdcf3 is at code_begin+979 in an Interpreter codelet
method entry point (kind = native)  [0x000001d141bfd920, 0x000001d141bfe300]  2528 bytes
R11=0x0000000000000111 is an unknown value
R12=0x0 is NULL
R13={method} {0x000001d1596be6b8} 'getBufferIndex' '(J)I' in 'org/jetbrains/skiko/redrawer/Direct3DRedrawer'
R14=0x0000008f006fea28 is pointing into the stack for thread: 0x000001d158c95940
R15=0x000001d158c95940 is a thread


Registers:
RAX=0x0000000000000000, RBX=0x000001d15a5ef3d0, RCX=0x0000000000000000, RDX=0x0000008f006fea28
RSP=0x0000008f006fe930, RBP=0x0000008f006fe9f8, RSI=0x0000000000000148, RDI=0x0000000000000000
R8 =0x000001d15a5ef3d0, R9 =0x00000000490f8f2d, R10=0x000001d141bfdcf3, R11=0x0000000000000111
R12=0x0000000000000000, R13=0x000001d1596be6b0, R14=0x0000008f006fea28, R15=0x000001d158c95940
RIP=0x00007fffda739d3a, EFLAGS=0x0000000000010206

Top of Stack: (sp=0x0000008f006fe930)
0x0000008f006fe930:   000001d159563528 0000000000000000
0x0000008f006fe940:   00000000823aba40 000001d149710a30
0x0000008f006fe950:   000001d141bf9512 490f8f2d58b57410
0x0000008f006fe960:   00000000000001eb 000001d141bfdd22
0x0000008f006fe970:   000001d1596be6b0 000001d141bf9626
0x0000008f006fe980:   0000008f006fea40 000001d14226b2ec
0x0000008f006fe990:   00000000826d7598 0000008f006fe998
0x0000008f006fe9a0:   0000008f006fea10 000001d141bf9512
0x0000008f006fe9b0:   0000008f006fe9b0 0000000000000000
0x0000008f006fe9c0:   0000008f006fea28 000001d1596beee0
0x0000008f006fe9d0:   0000000000000000 00000000826cfed0
0x0000008f006fe9e0:   000001d1596be6b0 0000000000000000
0x0000008f006fe9f0:   0000008f006fea18 0000008f006fea88
0x0000008f006fea00:   000001d141bf9626 0000000000000000
0x0000008f006fea10:   000001d141bfb2d6 000001d15a5ef3d0
0x0000008f006fea20:   0000000000000000 0000000084fcba10 

Instructions: (pc=0x00007fffda739d3a)
0x00007fffda739c3a:   02 00 00 00 48 8b c1 48 81 fa 00 10 00 00 72 15
0x00007fffda739c4a:   48 8b 49 f8 48 83 c2 27 48 2b c1 48 83 c0 f8 48
0x00007fffda739c5a:   83 f8 1f 77 2f e8 6d 46 fa ff 48 8b c3 48 8b 8d
0x00007fffda739c6a:   a0 00 00 00 48 33 cc e8 f5 84 f9 ff 4c 8d 9c 24
0x00007fffda739c7a:   b0 01 00 00 49 8b 5b 28 49 8b 73 38 49 8b e3 41
0x00007fffda739c8a:   5e 5f 5d c3 e8 c4 2a f9 ff cc cc cc cc cc cc cc
0x00007fffda739c9a:   cc cc cc cc cc cc cc cc cc cc cc cc cc cc cc cc
0x00007fffda739caa:   cc cc cc cc cc cc cc cc cc cc cc cc cc cc cc cc
0x00007fffda739cba:   cc cc cc cc cc cc cc cc cc cc cc cc cc cc cc cc
0x00007fffda739cca:   cc cc cc cc cc cc cc cc cc cc cc cc cc cc cc cc
0x00007fffda739cda:   cc cc cc cc cc cc cc cc cc cc cc cc cc cc cc cc
0x00007fffda739cea:   cc cc cc cc cc cc cc cc cc cc cc cc cc cc cc cc
0x00007fffda739cfa:   cc cc cc cc cc cc cc cc cc cc cc cc cc cc cc cc
0x00007fffda739d0a:   cc cc cc cc cc cc cc cc cc cc cc cc cc cc cc cc
0x00007fffda739d1a:   cc cc cc cc cc cc 48 89 5c 24 08 57 48 83 ec 30
0x00007fffda739d2a:   41 8b 40 78 49 8b d8 49 8b 48 38 49 8b 7c c0 60
0x00007fffda739d3a:   48 8b 01 ff 90 20 01 00 00 48 8b 4b 58 89 43 78
0x00007fffda739d4a:   48 8b 01 ff 50 40 48 3b c7 73 27 48 8b 4b 58 48
0x00007fffda739d5a:   8b d7 4c 8b 43 70 48 8b 01 ff 50 48 85 c0 78 2c
0x00007fffda739d6a:   48 8b 4b 70 45 33 c0 ba ff ff ff ff ff 15 0c 94
0x00007fffda739d7a:   e6 00 8b 43 78 48 8d 4f 01 48 89 4c c3 60 8b 43
0x00007fffda739d8a:   78 48 8b 5c 24 40 48 83 c4 30 5f c3 8b d0 48 8d
0x00007fffda739d9a:   0d a9 dd b6 00 e8 96 b8 fa ff 41 b8 01 00 00 00
0x00007fffda739daa:   48 8d 15 c3 dd b6 00 48 8d 4c 24 20 e8 57 3c f9
0x00007fffda739dba:   ff 48 8d 15 76 c3 da 00 48 8d 4c 24 20 e8 49 e7
0x00007fffda739dca:   fa ff cc cc cc cc cc cc cc cc cc cc cc cc cc cc
0x00007fffda739dda:   cc cc cc cc cc cc cc cc cc cc cc cc cc cc cc cc
0x00007fffda739dea:   cc cc cc cc cc cc cc cc cc cc cc cc cc cc cc cc
0x00007fffda739dfa:   cc cc cc cc cc cc 40 53 48 83 ec 40 49 c7 40 60
0x00007fffda739e0a:   10 27 00 00 49 8d 40 58 49 c7 40 68 10 27 00 00
0x00007fffda739e1a:   4c 8d 0d 5f dd b6 00 49 8b 48 30 49 8b d8 45 33
0x00007fffda739e2a:   c0 48 89 44 24 20 ba 10 27 00 00 4c 8b 11 41 ff 


Stack slot to memory mapping:
stack at sp + 0 slots: {method} {0x000001d159563530} '<init>' '(J)V' in 'org/jetbrains/skija/impl/RefCnt'
stack at sp + 1 slots: 0x0 is NULL
stack at sp + 2 slots: 0x00000000823aba40 is an oop: java.util.concurrent.ConcurrentHashMap 
{0x00000000823aba40} - klass: 'java/util/concurrent/ConcurrentHashMap'
stack at sp + 3 slots: 0x000001d149710a30 is at entry_point+528 in (nmethod*)0x000001d149710690
stack at sp + 4 slots: 0x000001d141bf9512 is at code_begin+1138 in an Interpreter codelet
return entry points  [0x000001d141bf90a0, 0x000001d141bf9be0]  2880 bytes
stack at sp + 5 slots: 0x490f8f2d58b57410 is an unknown value
stack at sp + 6 slots: 0x00000000000001eb is an unknown value
stack at sp + 7 slots: 0x000001d141bfdd22 is at code_begin+1026 in an Interpreter codelet
method entry point (kind = native)  [0x000001d141bfd920, 0x000001d141bfe300]  2528 bytes


---------------  P R O C E S S  ---------------

Threads class SMR info:
_java_thread_list=0x000001d158d131c0, length=21, elements={
0x000001d13921b8b0, 0x000001d157b323e0, 0x000001d157b332a0, 0x000001d157b41fc0,
0x000001d157b45ae0, 0x000001d157b464e0, 0x000001d157b47ef0, 0x000001d157b53cd0,
0x000001d157b547c0, 0x000001d157b69a20, 0x000001d158590040, 0x000001d15876d0b0,
0x000001d15876d5d0, 0x000001d158cbd000, 0x000001d158cdff80, 0x000001d158bb99a0,
0x000001d158c95940, 0x000001d15a9f23d0, 0x000001d15a9f2920, 0x000001d15a9f33c0,
0x000001d15a9f0940
}

Java Threads: ( => current thread )
  0x000001d13921b8b0 JavaThread "main" [_thread_blocked, id=11856, stack(0x0000008f7ef00000,0x0000008f7f000000)]
  0x000001d157b323e0 JavaThread "Reference Handler" daemon [_thread_blocked, id=12468, stack(0x0000008f7f600000,0x0000008f7f700000)]
  0x000001d157b332a0 JavaThread "Finalizer" daemon [_thread_blocked, id=5612, stack(0x0000008f7f700000,0x0000008f7f800000)]
  0x000001d157b41fc0 JavaThread "Signal Dispatcher" daemon [_thread_blocked, id=6624, stack(0x0000008f7f800000,0x0000008f7f900000)]
  0x000001d157b45ae0 JavaThread "Attach Listener" daemon [_thread_blocked, id=1476, stack(0x0000008f7f900000,0x0000008f7fa00000)]
  0x000001d157b464e0 JavaThread "Service Thread" daemon [_thread_blocked, id=296, stack(0x0000008f7fa00000,0x0000008f7fb00000)]
  0x000001d157b47ef0 JavaThread "Monitor Deflation Thread" daemon [_thread_blocked, id=7096, stack(0x0000008f7fb00000,0x0000008f7fc00000)]
  0x000001d157b53cd0 JavaThread "C2 CompilerThread0" daemon [_thread_blocked, id=4732, stack(0x0000008f7fc00000,0x0000008f7fd00000)]
  0x000001d157b547c0 JavaThread "C1 CompilerThread0" daemon [_thread_blocked, id=11944, stack(0x0000008f7fd00000,0x0000008f7fe00000)]
  0x000001d157b69a20 JavaThread "Sweeper thread" daemon [_thread_blocked, id=10580, stack(0x0000008f7fe00000,0x0000008f7ff00000)]
  0x000001d158590040 JavaThread "Common-Cleaner" daemon [_thread_blocked, id=7756, stack(0x0000008f7ff00000,0x0000008f80000000)]
  0x000001d15876d0b0 JavaThread "Monitor Ctrl-Break" daemon [_thread_in_native, id=12324, stack(0x0000008f00000000,0x0000008f00100000)]
  0x000001d15876d5d0 JavaThread "Notification Thread" daemon [_thread_blocked, id=11120, stack(0x0000008f00100000,0x0000008f00200000)]
  0x000001d158cbd000 JavaThread "Java2D Disposer" daemon [_thread_blocked, id=8756, stack(0x0000008f00300000,0x0000008f00400000)]
  0x000001d158cdff80 JavaThread "AWT-Shutdown" [_thread_blocked, id=10896, stack(0x0000008f00400000,0x0000008f00500000)]
  0x000001d158bb99a0 JavaThread "AWT-Windows" daemon [_thread_in_native, id=2228, stack(0x0000008f00500000,0x0000008f00600000)]
=>0x000001d158c95940 JavaThread "AWT-EventQueue-0" [_thread_in_native, id=12192, stack(0x0000008f00600000,0x0000008f00700000)]
  0x000001d15a9f23d0 JavaThread "Cleaner-0" daemon [_thread_blocked, id=8012, stack(0x0000008f00b00000,0x0000008f00c00000)]
  0x000001d15a9f2920 JavaThread "DefaultDispatcher-worker-1" daemon [_thread_blocked, id=836, stack(0x0000008f00c00000,0x0000008f00d00000)]
  0x000001d15a9f33c0 JavaThread "DefaultDispatcher-worker-2" daemon [_thread_blocked, id=5180, stack(0x0000008f00d00000,0x0000008f00e00000)]
  0x000001d15a9f0940 JavaThread "DefaultDispatcher-worker-3" daemon [_thread_blocked, id=11304, stack(0x0000008f00e00000,0x0000008f00f00000)]

Other Threads:
  0x000001d157b2c780 VMThread "VM Thread" [stack: 0x0000008f7f500000,0x0000008f7f600000] [id=3984]
  0x000001d1587c20c0 WatcherThread [stack: 0x0000008f00200000,0x0000008f00300000] [id=9068]
  0x000001d13925b4d0 GCTaskThread "GC Thread#0" [stack: 0x0000008f7f000000,0x0000008f7f100000] [id=12296]
  0x000001d158e13750 GCTaskThread "GC Thread#1" [stack: 0x0000008f00700000,0x0000008f00800000] [id=1508]
  0x000001d158e146a0 GCTaskThread "GC Thread#2" [stack: 0x0000008f00800000,0x0000008f00900000] [id=11832]
  0x000001d158e14cc0 GCTaskThread "GC Thread#3" [stack: 0x0000008f00900000,0x0000008f00a00000] [id=11656]
  0x000001d13926c950 ConcurrentGCThread "G1 Main Marker" [stack: 0x0000008f7f100000,0x0000008f7f200000] [id=6412]
  0x000001d13926d3c0 ConcurrentGCThread "G1 Conc#0" [stack: 0x0000008f7f200000,0x0000008f7f300000] [id=10984]
  0x000001d1392d6f00 ConcurrentGCThread "G1 Refine#0" [stack: 0x0000008f7f300000,0x0000008f7f400000] [id=13236]
  0x000001d1392d8990 ConcurrentGCThread "G1 Service" [stack: 0x0000008f7f400000,0x0000008f7f500000] [id=8604]

Threads with active compile tasks:

VM state: not at safepoint (normal execution)

VM Mutex/Monitor currently owned by a thread: None

Heap address: 0x0000000082000000, size: 2016 MB, Compressed Oops mode: 32-bit

CDS archive(s) mapped at: [0x0000000800000000-0x0000000800be0000-0x0000000800be0000), size 12451840, SharedBaseAddress: 0x0000000800000000, ArchiveRelocationMode: 0.
Compressed class space mapped at: 0x0000000800c00000-0x0000000840c00000, reserved size: 1073741824
Narrow klass base: 0x0000000800000000, Narrow klass shift: 3, Narrow klass range: 0x100000000

GC Precious Log:
 CPUs: 4 total, 4 available
 Memory: 8058M
 Large Page Support: Disabled
 NUMA Support: Disabled
 Compressed Oops: Enabled (32-bit)
 Heap Region Size: 1M
 Heap Min Capacity: 8M
 Heap Initial Capacity: 126M
 Heap Max Capacity: 2016M
 Pre-touch: Disabled
 Parallel Workers: 4
 Concurrent Workers: 1
 Concurrent Refinement Workers: 4
 Periodic GC: Disabled

Heap:
 garbage-first heap   total 55296K, used 16417K [0x0000000082000000, 0x0000000100000000)
  region size 1024K, 9 young (9216K), 1 survivors (1024K)
 Metaspace       used 23326K, committed 23680K, reserved 1073152K
  class space    used 2305K, committed 2496K, reserved 1048576K

Heap Regions: E=young(eden), S=young(survivor), O=old, HS=humongous(starts), HC=humongous(continues), CS=collection set, F=free, OA=open archive, CA=closed archive, TAMS=top-at-mark-start (previous, next)
|   0|0x0000000082000000, 0x0000000082100000, 0x0000000082100000|100%| O|  |TAMS 0x0000000082100000, 0x0000000082000000| Untracked 
|   1|0x0000000082100000, 0x0000000082200000, 0x0000000082200000|100%| O|  |TAMS 0x0000000082100000, 0x0000000082100000| Untracked 
|   2|0x0000000082200000, 0x0000000082300000, 0x0000000082300000|100%| O|  |TAMS 0x0000000082300000, 0x0000000082200000| Untracked 
|   3|0x0000000082300000, 0x00000000823fd800, 0x0000000082400000| 99%| O|  |TAMS 0x00000000823fd800, 0x0000000082300000| Untracked 
|   4|0x0000000082400000, 0x0000000082500000, 0x0000000082500000|100%|HS|  |TAMS 0x0000000082500000, 0x0000000082400000| Complete 
|   5|0x0000000082500000, 0x0000000082600000, 0x0000000082600000|100%|HC|  |TAMS 0x0000000082600000, 0x0000000082500000| Complete 
|   6|0x0000000082600000, 0x0000000082700000, 0x0000000082700000|100%| O|  |TAMS 0x0000000082600000, 0x0000000082600000| Untracked 
|   7|0x0000000082700000, 0x0000000082800000, 0x0000000082800000|100%| O|  |TAMS 0x0000000082700000, 0x0000000082700000| Untracked 
|   8|0x0000000082800000, 0x00000000828ffc00, 0x0000000082900000| 99%| O|  |TAMS 0x0000000082800000, 0x0000000082800000| Untracked 
|   9|0x0000000082900000, 0x0000000082900000, 0x0000000082a00000|  0%| F|  |TAMS 0x0000000082900000, 0x0000000082900000| Untracked 
|  10|0x0000000082a00000, 0x0000000082a00000, 0x0000000082b00000|  0%| F|  |TAMS 0x0000000082a00000, 0x0000000082a00000| Untracked 
|  11|0x0000000082b00000, 0x0000000082b00000, 0x0000000082c00000|  0%| F|  |TAMS 0x0000000082b00000, 0x0000000082b00000| Untracked 
|  12|0x0000000082c00000, 0x0000000082c00000, 0x0000000082d00000|  0%| F|  |TAMS 0x0000000082c00000, 0x0000000082c00000| Untracked 
|  13|0x0000000082d00000, 0x0000000082d00000, 0x0000000082e00000|  0%| F|  |TAMS 0x0000000082d00000, 0x0000000082d00000| Untracked 
|  14|0x0000000082e00000, 0x0000000082e00000, 0x0000000082f00000|  0%| F|  |TAMS 0x0000000082e00000, 0x0000000082e00000| Untracked 
|  15|0x0000000082f00000, 0x0000000082f00000, 0x0000000083000000|  0%| F|  |TAMS 0x0000000082f00000, 0x0000000082f00000| Untracked 
|  16|0x0000000083000000, 0x0000000083000000, 0x0000000083100000|  0%| F|  |TAMS 0x0000000083000000, 0x0000000083000000| Untracked 
|  17|0x0000000083100000, 0x0000000083100000, 0x0000000083200000|  0%| F|  |TAMS 0x0000000083100000, 0x0000000083100000| Untracked 
|  18|0x0000000083200000, 0x0000000083200000, 0x0000000083300000|  0%| F|  |TAMS 0x0000000083200000, 0x0000000083200000| Untracked 
|  19|0x0000000083300000, 0x0000000083300000, 0x0000000083400000|  0%| F|  |TAMS 0x0000000083300000, 0x0000000083300000| Untracked 
|  20|0x0000000083400000, 0x0000000083400000, 0x0000000083500000|  0%| F|  |TAMS 0x0000000083400000, 0x0000000083400000| Untracked 
|  21|0x0000000083500000, 0x000000008350b3f0, 0x0000000083600000|  4%| S|CS|TAMS 0x0000000083500000, 0x0000000083500000| Complete 
|  22|0x0000000083600000, 0x0000000083600000, 0x0000000083700000|  0%| F|  |TAMS 0x0000000083600000, 0x0000000083600000| Untracked 
|  23|0x0000000083700000, 0x0000000083700000, 0x0000000083800000|  0%| F|  |TAMS 0x0000000083700000, 0x0000000083700000| Untracked 
|  24|0x0000000083800000, 0x0000000083800000, 0x0000000083900000|  0%| F|  |TAMS 0x0000000083800000, 0x0000000083800000| Untracked 
|  25|0x0000000083900000, 0x0000000083900000, 0x0000000083a00000|  0%| F|  |TAMS 0x0000000083900000, 0x0000000083900000| Untracked 
|  26|0x0000000083a00000, 0x0000000083a00000, 0x0000000083b00000|  0%| F|  |TAMS 0x0000000083a00000, 0x0000000083a00000| Untracked 
|  27|0x0000000083b00000, 0x0000000083b00000, 0x0000000083c00000|  0%| F|  |TAMS 0x0000000083b00000, 0x0000000083b00000| Untracked 
|  28|0x0000000083c00000, 0x0000000083c00000, 0x0000000083d00000|  0%| F|  |TAMS 0x0000000083c00000, 0x0000000083c00000| Untracked 
|  29|0x0000000083d00000, 0x0000000083d00000, 0x0000000083e00000|  0%| F|  |TAMS 0x0000000083d00000, 0x0000000083d00000| Untracked 
|  30|0x0000000083e00000, 0x0000000083e00000, 0x0000000083f00000|  0%| F|  |TAMS 0x0000000083e00000, 0x0000000083e00000| Untracked 
|  31|0x0000000083f00000, 0x0000000083f00000, 0x0000000084000000|  0%| F|  |TAMS 0x0000000083f00000, 0x0000000083f00000| Untracked 
|  32|0x0000000084000000, 0x0000000084000000, 0x0000000084100000|  0%| F|  |TAMS 0x0000000084000000, 0x0000000084000000| Untracked 
|  33|0x0000000084100000, 0x0000000084100000, 0x0000000084200000|  0%| F|  |TAMS 0x0000000084100000, 0x0000000084100000| Untracked 
|  34|0x0000000084200000, 0x0000000084200000, 0x0000000084300000|  0%| F|  |TAMS 0x0000000084200000, 0x0000000084200000| Untracked 
|  35|0x0000000084300000, 0x0000000084300000, 0x0000000084400000|  0%| F|  |TAMS 0x0000000084300000, 0x0000000084300000| Untracked 
|  36|0x0000000084400000, 0x0000000084400000, 0x0000000084500000|  0%| F|  |TAMS 0x0000000084400000, 0x0000000084400000| Untracked 
|  37|0x0000000084500000, 0x0000000084500000, 0x0000000084600000|  0%| F|  |TAMS 0x0000000084500000, 0x0000000084500000| Untracked 
|  38|0x0000000084600000, 0x0000000084600000, 0x0000000084700000|  0%| F|  |TAMS 0x0000000084600000, 0x0000000084600000| Untracked 
|  39|0x0000000084700000, 0x0000000084700000, 0x0000000084800000|  0%| F|  |TAMS 0x0000000084700000, 0x0000000084700000| Untracked 
|  40|0x0000000084800000, 0x0000000084800000, 0x0000000084900000|  0%| F|  |TAMS 0x0000000084800000, 0x0000000084800000| Untracked 
|  41|0x0000000084900000, 0x0000000084900000, 0x0000000084a00000|  0%| F|  |TAMS 0x0000000084900000, 0x0000000084900000| Untracked 
|  42|0x0000000084a00000, 0x0000000084a00000, 0x0000000084b00000|  0%| F|  |TAMS 0x0000000084a00000, 0x0000000084a00000| Untracked 
|  43|0x0000000084b00000, 0x0000000084b00000, 0x0000000084c00000|  0%| F|  |TAMS 0x0000000084b00000, 0x0000000084b00000| Untracked 
|  44|0x0000000084c00000, 0x0000000084c00000, 0x0000000084d00000|  0%| F|  |TAMS 0x0000000084c00000, 0x0000000084c00000| Untracked 
|  45|0x0000000084d00000, 0x0000000084d00000, 0x0000000084e00000|  0%| F|  |TAMS 0x0000000084d00000, 0x0000000084d00000| Untracked 
|  46|0x0000000084e00000, 0x0000000084e82760, 0x0000000084f00000| 50%| E|  |TAMS 0x0000000084e00000, 0x0000000084e00000| Complete 
|  47|0x0000000084f00000, 0x0000000085000000, 0x0000000085000000|100%| E|CS|TAMS 0x0000000084f00000, 0x0000000084f00000| Complete 
|  76|0x0000000086c00000, 0x0000000086d00000, 0x0000000086d00000|100%| E|CS|TAMS 0x0000000086c00000, 0x0000000086c00000| Complete 
|  77|0x0000000086d00000, 0x0000000086e00000, 0x0000000086e00000|100%| E|CS|TAMS 0x0000000086d00000, 0x0000000086d00000| Complete 
|  78|0x0000000086e00000, 0x0000000086f00000, 0x0000000086f00000|100%| E|CS|TAMS 0x0000000086e00000, 0x0000000086e00000| Complete 
|  79|0x0000000086f00000, 0x0000000087000000, 0x0000000087000000|100%| E|CS|TAMS 0x0000000086f00000, 0x0000000086f00000| Complete 
| 124|0x0000000089c00000, 0x0000000089d00000, 0x0000000089d00000|100%| E|CS|TAMS 0x0000000089c00000, 0x0000000089c00000| Complete 
| 125|0x0000000089d00000, 0x0000000089e00000, 0x0000000089e00000|100%| E|CS|TAMS 0x0000000089d00000, 0x0000000089d00000| Complete 

Card table byte_map: [0x000001d150fe0000,0x000001d1513d0000] _byte_map_base: 0x000001d150bd0000

Marking Bits (Prev, Next): (CMBitMap*) 0x000001d13925bb80, (CMBitMap*) 0x000001d13925bb40
 Prev Bits: [0x000001d153740000, 0x000001d1556c0000)
 Next Bits: [0x000001d1517c0000, 0x000001d153740000)

Polling page: 0x000001d1371a0000

Metaspace:

Usage:
  Non-class:     20.53 MB used.
      Class:      2.25 MB used.
       Both:     22.78 MB used.

Virtual space:
  Non-class space:       24.00 MB reserved,      20.69 MB ( 86%) committed,  3 nodes.
      Class space:        1.00 GB reserved,       2.44 MB ( <1%) committed,  1 nodes.
              Both:        1.02 GB reserved,      23.13 MB (  2%) committed. 

Chunk freelists:
   Non-Class:  2.52 MB
       Class:  1.51 MB
        Both:  4.03 MB

MaxMetaspaceSize: 17179869184.00 GB
CompressedClassSpaceSize: 1.00 GB
 - commit_granule_bytes: 65536.
 - commit_granule_words: 8192.
 - virtual_space_node_default_size: 1048576.
 - enlarge_chunks_in_place: 1.
 - new_chunks_are_fully_committed: 0.
 - uncommit_free_chunks: 1.
 - use_allocation_guard: 0.
 - handle_deallocations: 1.


Internal statistics:

num_allocs_failed_limit: 3.
num_arena_births: 472.
num_arena_deaths: 0.
num_vsnodes_births: 4.
num_vsnodes_deaths: 0.
num_space_committed: 370.
num_space_uncommitted: 0.
num_chunks_returned_to_freelist: 3.
num_chunks_taken_from_freelist: 1116.
num_chunk_merges: 0.
num_chunk_splits: 810.
num_chunks_enlarged: 573.
num_purges: 0.

CodeHeap 'non-profiled nmethods': size=120000Kb used=3176Kb max_used=3176Kb free=116823Kb
 bounds [0x000001d1496c0000, 0x000001d1499e0000, 0x000001d150bf0000]
CodeHeap 'profiled nmethods': size=120000Kb used=9225Kb max_used=9225Kb free=110774Kb
 bounds [0x000001d142190000, 0x000001d142aa0000, 0x000001d1496c0000]
CodeHeap 'non-nmethods': size=5760Kb used=1629Kb max_used=1750Kb free=4130Kb
 bounds [0x000001d141bf0000, 0x000001d141e60000, 0x000001d142190000]
 total_blobs=5652 nmethods=4619 adapters=945
 compilation: enabled
              stopped_count=0, restarted_count=0
 full_count=0

Compilation events (20 events):
Event: 24.960 Thread 0x000001d157b547c0 nmethod 4671 0x000001d142a8ad10 code [0x000001d142a8afe0, 0x000001d142a8bf58]
Event: 24.960 Thread 0x000001d157b547c0 4676       3       java.lang.StackTraceElement::toString (322 bytes)
Event: 24.965 Thread 0x000001d157b547c0 nmethod 4676 0x000001d142a8c490 code [0x000001d142a8cb00, 0x000001d142a8f998]
Event: 24.965 Thread 0x000001d157b547c0 4677       3       java.nio.ByteBuffer::arrayOffset (35 bytes)
Event: 24.965 Thread 0x000001d157b547c0 nmethod 4677 0x000001d142a90810 code [0x000001d142a909e0, 0x000001d142a90cb8]
Event: 24.965 Thread 0x000001d157b547c0 4673       3       java.nio.ByteBuffer::<init> (14 bytes)
Event: 24.965 Thread 0x000001d157b547c0 nmethod 4673 0x000001d142a90e10 code [0x000001d142a90fc0, 0x000001d142a91108]
Event: 24.965 Thread 0x000001d157b547c0 4674       3       java.nio.MappedByteBuffer::limit (6 bytes)
Event: 24.966 Thread 0x000001d157b547c0 nmethod 4674 0x000001d142a91210 code [0x000001d142a913c0, 0x000001d142a915c8]
Event: 24.966 Thread 0x000001d157b547c0 4675       3       java.nio.MappedByteBuffer::position (6 bytes)
Event: 24.966 Thread 0x000001d157b547c0 nmethod 4675 0x000001d142a91710 code [0x000001d142a918c0, 0x000001d142a91ac8]
Event: 24.966 Thread 0x000001d157b547c0 4678       3       java.io.BufferedWriter::ensureOpen (18 bytes)
Event: 24.966 Thread 0x000001d157b547c0 nmethod 4678 0x000001d142a91c10 code [0x000001d142a91dc0, 0x000001d142a91fe8]
Event: 24.967 Thread 0x000001d157b547c0 4679       3       java.awt.Component::getAccessControlContext (22 bytes)
Event: 24.967 Thread 0x000001d157b547c0 nmethod 4679 0x000001d142a92090 code [0x000001d142a92240, 0x000001d142a92468]
Event: 24.969 Thread 0x000001d157b53cd0 nmethod 4660 0x000001d1499d8d90 code [0x000001d1499d8f40, 0x000001d1499d9848]
Event: 24.969 Thread 0x000001d157b53cd0 4666       4       androidx.compose.runtime.SlotTableKt::access$dataAnchor (6 bytes)
Event: 24.970 Thread 0x000001d157b53cd0 nmethod 4666 0x000001d1499d9d10 code [0x000001d1499d9ea0, 0x000001d1499d9f38]
Event: 24.970 Thread 0x000001d157b53cd0 4667       4       androidx.compose.runtime.SlotTableKt::access$updateDataAnchor (7 bytes)
Event: 24.971 Thread 0x000001d157b53cd0 nmethod 4667 0x000001d1499da010 code [0x000001d1499da1a0, 0x000001d1499da258]

GC Heap History (20 events):
Event: 20.947 GC heap before
{Heap before GC invocations=58 (full 0):
 garbage-first heap   total 55296K, used 40983K [0x0000000082000000, 0x0000000100000000)
  region size 1024K, 32 young (32768K), 1 survivors (1024K)
 Metaspace       used 23155K, committed 23552K, reserved 1073152K
  class space    used 2300K, committed 2496K, reserved 1048576K
}
Event: 20.948 GC heap after
{Heap after GC invocations=59 (full 0):
 garbage-first heap   total 55296K, used 9235K [0x0000000082000000, 0x0000000100000000)
  region size 1024K, 1 young (1024K), 1 survivors (1024K)
 Metaspace       used 23155K, committed 23552K, reserved 1073152K
  class space    used 2300K, committed 2496K, reserved 1048576K
}
Event: 21.058 GC heap before
{Heap before GC invocations=59 (full 0):
 garbage-first heap   total 55296K, used 40979K [0x0000000082000000, 0x0000000100000000)
  region size 1024K, 32 young (32768K), 1 survivors (1024K)
 Metaspace       used 23155K, committed 23552K, reserved 1073152K
  class space    used 2300K, committed 2496K, reserved 1048576K
}
Event: 21.059 GC heap after
{Heap after GC invocations=60 (full 0):
 garbage-first heap   total 55296K, used 9237K [0x0000000082000000, 0x0000000100000000)
  region size 1024K, 1 young (1024K), 1 survivors (1024K)
 Metaspace       used 23155K, committed 23552K, reserved 1073152K
  class space    used 2300K, committed 2496K, reserved 1048576K
}
Event: 21.167 GC heap before
{Heap before GC invocations=60 (full 0):
 garbage-first heap   total 55296K, used 40981K [0x0000000082000000, 0x0000000100000000)
  region size 1024K, 32 young (32768K), 1 survivors (1024K)
 Metaspace       used 23155K, committed 23552K, reserved 1073152K
  class space    used 2300K, committed 2496K, reserved 1048576K
}
Event: 21.168 GC heap after
{Heap after GC invocations=61 (full 0):
 garbage-first heap   total 55296K, used 9239K [0x0000000082000000, 0x0000000100000000)
  region size 1024K, 1 young (1024K), 1 survivors (1024K)
 Metaspace       used 23155K, committed 23552K, reserved 1073152K
  class space    used 2300K, committed 2496K, reserved 1048576K
}
Event: 21.306 GC heap before
{Heap before GC invocations=61 (full 0):
 garbage-first heap   total 55296K, used 40983K [0x0000000082000000, 0x0000000100000000)
  region size 1024K, 32 young (32768K), 1 survivors (1024K)
 Metaspace       used 23155K, committed 23552K, reserved 1073152K
  class space    used 2300K, committed 2496K, reserved 1048576K
}
Event: 21.306 GC heap after
{Heap after GC invocations=62 (full 0):
 garbage-first heap   total 55296K, used 9240K [0x0000000082000000, 0x0000000100000000)
  region size 1024K, 1 young (1024K), 1 survivors (1024K)
 Metaspace       used 23155K, committed 23552K, reserved 1073152K
  class space    used 2300K, committed 2496K, reserved 1048576K
}
Event: 21.401 GC heap before
{Heap before GC invocations=62 (full 0):
 garbage-first heap   total 55296K, used 40984K [0x0000000082000000, 0x0000000100000000)
  region size 1024K, 32 young (32768K), 1 survivors (1024K)
 Metaspace       used 23155K, committed 23552K, reserved 1073152K
  class space    used 2300K, committed 2496K, reserved 1048576K
}
Event: 21.402 GC heap after
{Heap after GC invocations=63 (full 0):
 garbage-first heap   total 55296K, used 9240K [0x0000000082000000, 0x0000000100000000)
  region size 1024K, 1 young (1024K), 1 survivors (1024K)
 Metaspace       used 23155K, committed 23552K, reserved 1073152K
  class space    used 2300K, committed 2496K, reserved 1048576K
}
Event: 21.509 GC heap before
{Heap before GC invocations=63 (full 0):
 garbage-first heap   total 55296K, used 40984K [0x0000000082000000, 0x0000000100000000)
  region size 1024K, 32 young (32768K), 1 survivors (1024K)
 Metaspace       used 23159K, committed 23552K, reserved 1073152K
  class space    used 2300K, committed 2496K, reserved 1048576K
}
Event: 21.510 GC heap after
{Heap after GC invocations=64 (full 0):
 garbage-first heap   total 55296K, used 9244K [0x0000000082000000, 0x0000000100000000)
  region size 1024K, 1 young (1024K), 1 survivors (1024K)
 Metaspace       used 23159K, committed 23552K, reserved 1073152K
  class space    used 2300K, committed 2496K, reserved 1048576K
}
Event: 21.612 GC heap before
{Heap before GC invocations=64 (full 0):
 garbage-first heap   total 55296K, used 40988K [0x0000000082000000, 0x0000000100000000)
  region size 1024K, 32 young (32768K), 1 survivors (1024K)
 Metaspace       used 23159K, committed 23552K, reserved 1073152K
  class space    used 2300K, committed 2496K, reserved 1048576K
}
Event: 21.613 GC heap after
{Heap after GC invocations=65 (full 0):
 garbage-first heap   total 55296K, used 9245K [0x0000000082000000, 0x0000000100000000)
  region size 1024K, 1 young (1024K), 1 survivors (1024K)
 Metaspace       used 23159K, committed 23552K, reserved 1073152K
  class space    used 2300K, committed 2496K, reserved 1048576K
}
Event: 21.722 GC heap before
{Heap before GC invocations=65 (full 0):
 garbage-first heap   total 55296K, used 40989K [0x0000000082000000, 0x0000000100000000)
  region size 1024K, 32 young (32768K), 1 survivors (1024K)
 Metaspace       used 23159K, committed 23552K, reserved 1073152K
  class space    used 2300K, committed 2496K, reserved 1048576K
}
Event: 21.723 GC heap after
{Heap after GC invocations=66 (full 0):
 garbage-first heap   total 55296K, used 9245K [0x0000000082000000, 0x0000000100000000)
  region size 1024K, 1 young (1024K), 1 survivors (1024K)
 Metaspace       used 23159K, committed 23552K, reserved 1073152K
  class space    used 2300K, committed 2496K, reserved 1048576K
}
Event: 21.848 GC heap before
{Heap before GC invocations=66 (full 0):
 garbage-first heap   total 55296K, used 40989K [0x0000000082000000, 0x0000000100000000)
  region size 1024K, 32 young (32768K), 1 survivors (1024K)
 Metaspace       used 23167K, committed 23552K, reserved 1073152K
  class space    used 2300K, committed 2496K, reserved 1048576K
}
Event: 21.850 GC heap after
{Heap after GC invocations=67 (full 0):
 garbage-first heap   total 55296K, used 9248K [0x0000000082000000, 0x0000000100000000)
  region size 1024K, 1 young (1024K), 1 survivors (1024K)
 Metaspace       used 23167K, committed 23552K, reserved 1073152K
  class space    used 2300K, committed 2496K, reserved 1048576K
}
Event: 21.967 GC heap before
{Heap before GC invocations=67 (full 0):
 garbage-first heap   total 55296K, used 40992K [0x0000000082000000, 0x0000000100000000)
  region size 1024K, 32 young (32768K), 1 survivors (1024K)
 Metaspace       used 23169K, committed 23616K, reserved 1073152K
  class space    used 2300K, committed 2496K, reserved 1048576K
}
Event: 21.968 GC heap after
{Heap after GC invocations=68 (full 0):
 garbage-first heap   total 55296K, used 9249K [0x0000000082000000, 0x0000000100000000)
  region size 1024K, 1 young (1024K), 1 survivors (1024K)
 Metaspace       used 23169K, committed 23616K, reserved 1073152K
  class space    used 2300K, committed 2496K, reserved 1048576K
}

Deoptimization events (20 events):
Event: 18.505 Thread 0x000001d158c95940 DEOPT PACKING pc=0x000001d1498f9998 sp=0x0000008f006fec80
Event: 18.505 Thread 0x000001d158c95940 DEOPT UNPACKING pc=0x000001d141c3d72e sp=0x0000008f006fec38 mode 2
Event: 18.505 Thread 0x000001d158c95940 Uncommon trap: trap_request=0xffffff45 fr.pc=0x000001d1499133cc relative=0x000000000000276c
Event: 18.505 Thread 0x000001d158c95940 Uncommon trap: reason=unstable_if action=reinterpret pc=0x000001d1499133cc method=androidx.compose.runtime.Recomposer$runRecomposeAndApplyChanges$2$2.invoke(J)Lkotlinx/coroutines/CancellableContinuation; @ 10 c2
Event: 18.506 Thread 0x000001d158c95940 DEOPT PACKING pc=0x000001d1499133cc sp=0x0000008f006fec30
Event: 18.506 Thread 0x000001d158c95940 DEOPT UNPACKING pc=0x000001d141c3d72e sp=0x0000008f006feb98 mode 2
Event: 18.704 Thread 0x000001d158c95940 DEOPT PACKING pc=0x000001d14277eabb sp=0x0000008f006fbf70
Event: 18.704 Thread 0x000001d158c95940 DEOPT UNPACKING pc=0x000001d141c3dece sp=0x0000008f006fb4c8 mode 0
Event: 24.866 Thread 0x000001d158c95940 DEOPT PACKING pc=0x000001d14272bad2 sp=0x0000008f006fe9a0
Event: 24.866 Thread 0x000001d158c95940 DEOPT UNPACKING pc=0x000001d141c3dece sp=0x0000008f006fde60 mode 0
Event: 24.936 Thread 0x000001d158c95940 DEOPT PACKING pc=0x000001d14246b004 sp=0x0000008f006fe6a0
Event: 24.936 Thread 0x000001d158c95940 DEOPT UNPACKING pc=0x000001d141c3dece sp=0x0000008f006fdaa8 mode 0
Event: 24.954 Thread 0x000001d158c95940 Uncommon trap: trap_request=0xffffff45 fr.pc=0x000001d1499b6b38 relative=0x0000000000000778
Event: 24.954 Thread 0x000001d158c95940 Uncommon trap: reason=unstable_if action=reinterpret pc=0x000001d1499b6b38 method=androidx.compose.runtime.ComposerImpl.currentCompositionLocalScope()Landroidx/compose/runtime/external/kotlinx/collections/immutable/PersistentMap; @ 105 c2
Event: 24.954 Thread 0x000001d158c95940 DEOPT PACKING pc=0x000001d1499b6b38 sp=0x0000008f006fd140
Event: 24.954 Thread 0x000001d158c95940 DEOPT UNPACKING pc=0x000001d141c3d72e sp=0x0000008f006fd0e0 mode 2
Event: 24.959 Thread 0x000001d158c95940 Uncommon trap: trap_request=0xffffff45 fr.pc=0x000001d1498b4954 relative=0x0000000000002174
Event: 24.959 Thread 0x000001d158c95940 Uncommon trap: reason=unstable_if action=reinterpret pc=0x000001d1498b4954 method=java.lang.StackTraceElement.toString()Ljava/lang/String; @ 58 c2
Event: 24.959 Thread 0x000001d158c95940 DEOPT PACKING pc=0x000001d1498b4954 sp=0x0000008f006fe610
Event: 24.959 Thread 0x000001d158c95940 DEOPT UNPACKING pc=0x000001d141c3d72e sp=0x0000008f006fe610 mode 2

Classes unloaded (0 events):
No events

Classes redefined (0 events):
No events

Internal exceptions (20 events):
Event: 1.015 Thread 0x000001d158c95940 Exception <a 'java/lang/NoSuchMethodError'{0x0000000089637ff8}: 'java.lang.Object java.lang.invoke.DirectMethodHandle$Holder.invokeSpecial(java.lang.Object, java.lang.Object, long, java.lang.Object, int, int, int, int, java.lang.Object, java.lang.Object, java.lang.Object)'> (0x0000000089637ff8) 
thrown [c:\wsjdk\correttojdksrc\installers\windows\zip\corretto-build\buildroot\src\hotspot\share\interpreter\linkResolver.cpp, line 790]
Event: 1.016 Thread 0x000001d158c95940 Exception <a 'java/lang/NoSuchMethodError'{0x000000008963cca0}: 'java.lang.Object java.lang.invoke.DelegatingMethodHandle$Holder.reinvoke_L(java.lang.Object, long, java.lang.Object, int, int, int, int, java.lang.Object, java.lang.Object, java.lang.Object)'> (0x000000008963cca0) 
thrown [c:\wsjdk\correttojdksrc\installers\windows\zip\corretto-build\buildroot\src\hotspot\share\interpreter\linkResolver.cpp, line 790]
Event: 1.112 Thread 0x000001d158c95940 Exception <a 'java/lang/NoSuchMethodError'{0x00000000895474e0}: 'java.lang.Object java.lang.invoke.DirectMethodHandle$Holder.invokeSpecial(java.lang.Object, java.lang.Object, java.lang.Object, java.lang.Object, java.lang.Object, java.lang.Object, int)'> (0x00000000895474e0) 
thrown [c:\wsjdk\correttojdksrc\installers\windows\zip\corretto-build\buildroot\src\hotspot\share\interpreter\linkResolver.cpp, line 790]
Event: 1.810 Thread 0x000001d158c95940 Exception <a 'java/lang/NoSuchMethodError'{0x00000000899e04e0}: 'java.lang.Object java.lang.invoke.DirectMethodHandle$Holder.newInvokeSpecial(java.lang.Object, java.lang.Object, java.lang.Object, java.lang.Object, java.lang.Object)'> (0x00000000899e04e0) 
thrown [c:\wsjdk\correttojdksrc\installers\windows\zip\corretto-build\buildroot\src\hotspot\share\interpreter\linkResolver.cpp, line 790]
Event: 1.815 Thread 0x000001d158c95940 Exception <a 'java/lang/NoSuchMethodError'{0x00000000899eb820}: 'java.lang.Object java.lang.invoke.DirectMethodHandle$Holder.invokeStatic(java.lang.Object, int, java.lang.Object, java.lang.Object, java.lang.Object, java.lang.Object)'> (0x00000000899eb820) 
thrown [c:\wsjdk\correttojdksrc\installers\windows\zip\corretto-build\buildroot\src\hotspot\share\interpreter\linkResolver.cpp, line 790]
Event: 1.823 Thread 0x000001d158c95940 Exception <a 'java/lang/NoSuchMethodError'{0x00000000898120d0}: 'java.lang.Object java.lang.invoke.DirectMethodHandle$Holder.invokeStatic(java.lang.Object, int, java.lang.Object)'> (0x00000000898120d0) 
thrown [c:\wsjdk\correttojdksrc\installers\windows\zip\corretto-build\buildroot\src\hotspot\share\interpreter\linkResolver.cpp, line 790]
Event: 1.891 Thread 0x000001d158c95940 Exception <a 'java/lang/ClassNotFoundException'{0x00000000898ce7e8}: com/sun/swing/internal/plaf/metal/resources/spi/metalProvider> (0x00000000898ce7e8) 
thrown [c:\wsjdk\correttojdksrc\installers\windows\zip\corretto-build\buildroot\src\hotspot\share\classfile\systemDictionary.cpp, line 256]
Event: 1.893 Thread 0x000001d158c95940 Exception <a 'java/lang/ClassNotFoundException'{0x00000000898d3358}: com/sun/swing/internal/plaf/basic/resources/spi/basicProvider> (0x00000000898d3358) 
thrown [c:\wsjdk\correttojdksrc\installers\windows\zip\corretto-build\buildroot\src\hotspot\share\classfile\systemDictionary.cpp, line 256]
Event: 1.917 Thread 0x000001d158c95940 Exception <a 'java/lang/NoSuchMethodError'{0x000000008974a9f0}: 'java.lang.Object java.lang.invoke.DirectMethodHandle$Holder.invokeSpecial(java.lang.Object, java.lang.Object, long, java.lang.Object, java.lang.Object, java.lang.Object, java.lang.Object, int, java.lang.Object, java.lang.Object, java.lang.Object)'> (0x000000008974a9f0) 
thrown [c:\wsjdk\correttojdksrc\installers\windows\zip\corretto-build\buildroot\src\hotspot\share\interpreter\linkResolver.cpp, line 790]
Event: 1.917 Thread 0x000001d158c95940 Exception <a 'java/lang/NoSuchMethodError'{0x000000008974f9f8}: 'java.lang.Object java.lang.invoke.DelegatingMethodHandle$Holder.reinvoke_L(java.lang.Object, long, java.lang.Object, java.lang.Object, java.lang.Object, java.lang.Object, int, java.lang.Object, java.lang.Object, java.lang.Object)'> (0x000000008974f9f8) 
thrown [c:\wsjdk\correttojdksrc\installers\windows\zip\corretto-build\buildroot\src\hotspot\share\interpreter\linkResolver.cpp, line 790]
Event: 1.932 Thread 0x000001d158c95940 Implicit null exception at 0x000001d149723560 to 0x000001d149724018
Event: 1.936 Thread 0x000001d158c95940 Implicit null exception at 0x000001d14974a90f to 0x000001d14974ae3c
Event: 1.936 Thread 0x000001d158c95940 Implicit null exception at 0x000001d149724a0f to 0x000001d149724f30
Event: 1.936 Thread 0x000001d158c95940 Implicit null exception at 0x000001d14971c1af to 0x000001d14971c22d
Event: 2.050 Thread 0x000001d158c95940 Exception <a 'java/lang/NoSuchMethodError'{0x000000008959ff98}: 'void java.lang.invoke.DirectMethodHandle$Holder.invokeStatic(java.lang.Object, java.lang.Object, java.lang.Object)'> (0x000000008959ff98) 
thrown [c:\wsjdk\correttojdksrc\installers\windows\zip\corretto-build\buildroot\src\hotspot\share\interpreter\linkResolver.cpp, line 790]
Event: 2.161 Thread 0x000001d158c95940 Exception <a 'java/lang/NoSuchMethodError'{0x00000000893de200}: 'java.lang.Object java.lang.invoke.Invokers$Holder.linkToTargetMethod(int, int, int, int, java.lang.Object)'> (0x00000000893de200) 
thrown [c:\wsjdk\correttojdksrc\installers\windows\zip\corretto-build\buildroot\src\hotspot\share\interpreter\linkResolver.cpp, line 790]
Event: 2.206 Thread 0x000001d158c95940 Exception <a 'java/lang/NoSuchMethodError'{0x0000000089288088}: 'void java.lang.invoke.DirectMethodHandle$Holder.invokeStaticInit(java.lang.Object)'> (0x0000000089288088) 
thrown [c:\wsjdk\correttojdksrc\installers\windows\zip\corretto-build\buildroot\src\hotspot\share\interpreter\linkResolver.cpp, line 790]
Event: 3.112 Thread 0x000001d158bb99a0 Exception <a 'java/lang/NoSuchMethodError'{0x0000000089208b58}: 'void java.lang.invoke.DirectMethodHandle$Holder.invokeVirtual(java.lang.Object, java.lang.Object)'> (0x0000000089208b58) 
thrown [c:\wsjdk\correttojdksrc\installers\windows\zip\corretto-build\buildroot\src\hotspot\share\interpreter\linkResolver.cpp, line 790]
Event: 10.702 Thread 0x000001d158c95940 Exception <a 'java/lang/NoSuchMethodError'{0x0000000083ebb8e8}: 'int java.lang.invoke.DirectMethodHandle$Holder.invokeStatic(java.lang.Object)'> (0x0000000083ebb8e8) 
thrown [c:\wsjdk\correttojdksrc\installers\windows\zip\corretto-build\buildroot\src\hotspot\share\interpreter\linkResolver.cpp, line 790]
Event: 24.955 Thread 0x000001d158c95940 Exception <a 'java/io/FileNotFoundException'{0x0000000084fd0fe8}> (0x0000000084fd0fe8) 
thrown [c:\wsjdk\correttojdksrc\installers\windows\zip\corretto-build\buildroot\src\hotspot\share\prims\jni.cpp, line 579]

Events (20 events):
Event: 21.611 Executing  VM operation: G1CollectForAllocation
Event: 21.613 Executing  VM operation: G1CollectForAllocation done
Event: 21.722 Executing  VM operation: G1CollectForAllocation
Event: 21.723 Executing  VM operation: G1CollectForAllocation done
Event: 21.848 Executing  VM operation: G1CollectForAllocation
Event: 21.850 Executing  VM operation: G1CollectForAllocation done
Event: 21.967 Executing  VM operation: G1CollectForAllocation
Event: 21.968 Executing  VM operation: G1CollectForAllocation done
Event: 22.970 Executing  VM operation: Cleanup
Event: 22.970 Executing  VM operation: Cleanup done
Event: 23.984 Executing  VM operation: Cleanup
Event: 23.984 Executing  VM operation: Cleanup done
Event: 24.958 loading class java/lang/Throwable$WrappedPrintStream
Event: 24.958 loading class java/lang/Throwable$PrintStreamOrWriter
Event: 24.958 loading class java/lang/Throwable$PrintStreamOrWriter done
Event: 24.958 loading class java/lang/Throwable$WrappedPrintStream done
Event: 24.959 loading class java/lang/StackTraceElement$HashedModules
Event: 24.959 loading class java/lang/StackTraceElement$HashedModules done
Event: 24.985 Executing  VM operation: Cleanup
Event: 24.985 Executing  VM operation: Cleanup done


Dynamic libraries:
0x00007ff757690000 - 0x00007ff75769d000 	C:\Users\Usuario\.jdks\corretto-16.0.2\bin\java.exe
0x00007ff842670000 - 0x00007ff842865000 	C:\Windows\SYSTEM32\ntdll.dll
0x00007ff840ca0000 - 0x00007ff840d5e000 	C:\Windows\System32\KERNEL32.DLL
0x00007ff83ff10000 - 0x00007ff8401d8000 	C:\Windows\System32\KERNELBASE.dll
0x00007ff8401e0000 - 0x00007ff8402e0000 	C:\Windows\System32\ucrtbase.dll
0x00007ff830160000 - 0x00007ff830178000 	C:\Users\Usuario\.jdks\corretto-16.0.2\bin\jli.dll
0x00007ff842210000 - 0x00007ff8423b0000 	C:\Windows\System32\USER32.dll
0x00007ff82ebe0000 - 0x00007ff82ebf5000 	C:\Users\Usuario\.jdks\corretto-16.0.2\bin\VCRUNTIME140.dll
0x00007ff83fde0000 - 0x00007ff83fe02000 	C:\Windows\System32\win32u.dll
0x00007ff841a20000 - 0x00007ff841a4a000 	C:\Windows\System32\GDI32.dll
0x00007ff82a0e0000 - 0x00007ff82a37a000 	C:\Windows\WinSxS\amd64_microsoft.windows.common-controls_6595b64144ccf1df_6.0.19041.1110_none_60b5254171f9507e\COMCTL32.dll
0x00007ff8405c0000 - 0x00007ff8406cb000 	C:\Windows\System32\gdi32full.dll
0x00007ff840440000 - 0x00007ff8404dd000 	C:\Windows\System32\msvcp_win.dll
0x00007ff8406d0000 - 0x00007ff84076e000 	C:\Windows\System32\msvcrt.dll
0x00007ff841c10000 - 0x00007ff841c40000 	C:\Windows\System32\IMM32.DLL
0x00007ff821ab0000 - 0x00007ff821b4b000 	C:\Users\Usuario\.jdks\corretto-16.0.2\bin\msvcp140.dll
0x00007fffdb5c0000 - 0x00007fffdc1c9000 	C:\Users\Usuario\.jdks\corretto-16.0.2\bin\server\jvm.dll
0x00007ff841df0000 - 0x00007ff841e9e000 	C:\Windows\System32\ADVAPI32.dll
0x00007ff8423b0000 - 0x00007ff84244c000 	C:\Windows\System32\sechost.dll
0x00007ff842450000 - 0x00007ff842575000 	C:\Windows\System32\RPCRT4.dll
0x00007ff8412b0000 - 0x00007ff8412b8000 	C:\Windows\System32\PSAPI.DLL
0x00007ff828b50000 - 0x00007ff828b59000 	C:\Windows\SYSTEM32\WSOCK32.dll
0x00007ff82b2e0000 - 0x00007ff82b307000 	C:\Windows\SYSTEM32\WINMM.dll
0x00007ff833610000 - 0x00007ff83361a000 	C:\Windows\SYSTEM32\VERSION.dll
0x00007ff841ba0000 - 0x00007ff841c0b000 	C:\Windows\System32\WS2_32.dll
0x00007ff83dcb0000 - 0x00007ff83dcc2000 	C:\Windows\SYSTEM32\kernel.appcore.dll
0x00007ff836de0000 - 0x00007ff836dea000 	C:\Users\Usuario\.jdks\corretto-16.0.2\bin\jimage.dll
0x00007ff832c60000 - 0x00007ff832e44000 	C:\Windows\SYSTEM32\DBGHELP.DLL
0x00007ff832c30000 - 0x00007ff832c5c000 	C:\Windows\SYSTEM32\dbgcore.DLL
0x00007ff83fe10000 - 0x00007ff83fe92000 	C:\Windows\System32\bcryptPrimitives.dll
0x00007ff83b5d0000 - 0x00007ff83b5de000 	C:\Users\Usuario\.jdks\corretto-16.0.2\bin\instrument.dll
0x00007ff82ae70000 - 0x00007ff82ae95000 	C:\Users\Usuario\.jdks\corretto-16.0.2\bin\java.dll
0x00007ff8412c0000 - 0x00007ff841a04000 	C:\Windows\System32\SHELL32.dll
0x00007ff83deb0000 - 0x00007ff83e644000 	C:\Windows\SYSTEM32\windows.storage.dll
0x00007ff840940000 - 0x00007ff840c94000 	C:\Windows\System32\combase.dll
0x00007ff83f800000 - 0x00007ff83f82c000 	C:\Windows\SYSTEM32\Wldp.dll
0x00007ff840890000 - 0x00007ff84093d000 	C:\Windows\System32\SHCORE.dll
0x00007ff841b40000 - 0x00007ff841b95000 	C:\Windows\System32\shlwapi.dll
0x00007ff83fcd0000 - 0x00007ff83fcef000 	C:\Windows\SYSTEM32\profapi.dll
0x00007ff82e1d0000 - 0x00007ff82e1e8000 	C:\Users\Usuario\.jdks\corretto-16.0.2\bin\zip.dll
0x00007ff82eac0000 - 0x00007ff82ead9000 	C:\Users\Usuario\.jdks\corretto-16.0.2\bin\net.dll
0x00007ff834c00000 - 0x00007ff834d0a000 	C:\Windows\SYSTEM32\WINHTTP.dll
0x00007ff83f560000 - 0x00007ff83f5ca000 	C:\Windows\system32\mswsock.dll
0x00007ff82ea00000 - 0x00007ff82ea13000 	C:\Users\Usuario\.jdks\corretto-16.0.2\bin\nio.dll
0x00007ff82cc30000 - 0x00007ff82cc4a000 	C:\Users\Usuario\AppData\Local\JetBrains\Toolbox\apps\IDEA-E\ch-0\212.5284.55\bin\breakgen64.dll
0x00007ff81dd10000 - 0x00007ff81dea8000 	C:\Users\Usuario\.jdks\corretto-16.0.2\bin\awt.dll
0x00007ff841ff0000 - 0x00007ff8420bd000 	C:\Windows\System32\OLEAUT32.dll
0x00007ff83d5f0000 - 0x00007ff83d680000 	C:\Windows\SYSTEM32\apphelp.dll
0x00007ff83d780000 - 0x00007ff83d81e000 	C:\Windows\system32\uxtheme.dll
0x00007ff840770000 - 0x00007ff840885000 	C:\Windows\System32\MSCTF.dll
0x00007ff8420c0000 - 0x00007ff8421ea000 	C:\Windows\System32\ole32.dll
0x00007ff83d9c0000 - 0x00007ff83d9ef000 	C:\Windows\system32\DWMAPI.DLL
0x00007ff835000000 - 0x00007ff835126000 	C:\Windows\system32\opengl32.dll
0x00007ff83a6f0000 - 0x00007ff83a71c000 	C:\Windows\SYSTEM32\GLU32.dll
0x00007ff8219a0000 - 0x00007ff821a26000 	C:\Users\Usuario\.jdks\corretto-16.0.2\bin\freetype.dll
0x00007ff820450000 - 0x00007ff820542000 	C:\Users\Usuario\.jdks\corretto-16.0.2\bin\harfbuzz.dll
0x00007ff82cbf0000 - 0x00007ff82cc02000 	C:\Users\Usuario\.jdks\corretto-16.0.2\bin\fontmanager.dll
0x00007fffda6c0000 - 0x00007fffdb5be000 	C:\Users\Usuario\.skiko\80fc6444015995e586d4d2f41cb25284608cc484748d064cc0259bc4ea610782\skiko-windows-x64.dll
0x00007ff82e8e0000 - 0x00007ff82e8e7000 	C:\Users\Usuario\.jdks\corretto-16.0.2\bin\jawt.dll
0x00007ff8196c0000 - 0x00007ff81993f000 	C:\Windows\SYSTEM32\dwrite.dll
0x00007ff832330000 - 0x00007ff832429000 	C:\Windows\SYSTEM32\textinputframework.dll
0x00007ff83d4f0000 - 0x00007ff83d5e2000 	C:\Windows\System32\CoreMessaging.dll
0x00007ff83d190000 - 0x00007ff83d4ee000 	C:\Windows\System32\CoreUIComponents.dll
0x00007ff83eaa0000 - 0x00007ff83ead3000 	C:\Windows\SYSTEM32\ntmarta.dll
0x00007ff83d030000 - 0x00007ff83d184000 	C:\Windows\SYSTEM32\wintypes.dll
0x00007ff83e6b0000 - 0x00007ff83e7a3000 	C:\Windows\SYSTEM32\Dxgi.dll
0x00007ff830740000 - 0x00007ff830760000 	C:\Windows\SYSTEM32\D3D12.dll
0x00007ff81d220000 - 0x00007ff81d3ed000 	C:\Windows\SYSTEM32\D3D12Core.dll
0x00007ff838760000 - 0x00007ff83879b000 	C:\Windows\SYSTEM32\dxcore.dll
0x00007ff83fd90000 - 0x00007ff83fdde000 	C:\Windows\System32\cfgmgr32.dll
0x00007ff8359b0000 - 0x00007ff836b0f000 	C:\Windows\System32\DriverStore\FileRepository\igdlh64.inf_amd64_aa3a0bcfbcf24a1b\igc64.dll
0x00007ff8402e0000 - 0x00007ff840436000 	C:\Windows\System32\crypt32.dll
0x00007ff83fea0000 - 0x00007ff83ff08000 	C:\Windows\System32\WINTRUST.DLL
0x00007ff83f980000 - 0x00007ff83f992000 	C:\Windows\SYSTEM32\MSASN1.dll
0x00007ff8421f0000 - 0x00007ff84220d000 	C:\Windows\System32\imagehlp.dll
0x00007ff83f750000 - 0x00007ff83f768000 	C:\Windows\SYSTEM32\CRYPTSP.dll
0x00007ff83ee70000 - 0x00007ff83eea4000 	C:\Windows\system32\rsaenh.dll
0x00007ff840590000 - 0x00007ff8405b7000 	C:\Windows\System32\bcrypt.dll
0x00007ff83f770000 - 0x00007ff83f77c000 	C:\Windows\SYSTEM32\CRYPTBASE.dll
0x00007fffe5ea0000 - 0x00007fffe6159000 	C:\Windows\system32\nvspcap64.dll
0x00007ff81d8a0000 - 0x00007ff81d98e000 	C:\Windows\System32\DriverStore\FileRepository\nvaci.inf_amd64_3a28859ceb44fcc2\nvldumdx.dll
0x00007fffd81f0000 - 0x00007fffda6b2000 	C:\Windows\System32\DriverStore\FileRepository\nvaci.inf_amd64_3a28859ceb44fcc2\nvwgf2umx.dll
0x00007ff83f370000 - 0x00007ff83f3bb000 	C:\Windows\system32\powrprof.dll
0x00007ff83f1e0000 - 0x00007ff83f1f2000 	C:\Windows\SYSTEM32\UMPDC.dll
0x00007ff82ae10000 - 0x00007ff82ae3b000 	C:\Windows\SYSTEM32\D3DSCache.dll
0x00007ff83fc90000 - 0x00007ff83fcbe000 	C:\Windows\SYSTEM32\USERENV.dll
0x00007ff83a250000 - 0x00007ff83a451000 	C:\Windows\SYSTEM32\twinapi.appcore.dll
0x00007ff83bc20000 - 0x00007ff83be84000 	C:\Windows\SYSTEM32\d3d11.dll
0x00007ff836ed0000 - 0x00007ff838615000 	C:\Windows\System32\DriverStore\FileRepository\igdlh64.inf_amd64_aa3a0bcfbcf24a1b\igd10iumd64.dll
0x00007ff83f870000 - 0x00007ff83f897000 	C:\Windows\SYSTEM32\ncrypt.dll
0x00007ff83f830000 - 0x00007ff83f86b000 	C:\Windows\SYSTEM32\NTASN1.dll
0x00007ff83c990000 - 0x00007ff83cb75000 	C:\Windows\SYSTEM32\dcomp.dll
0x00007ff83bf70000 - 0x00007ff83c3cd000 	C:\Windows\SYSTEM32\d3dcompiler_47.dll
0x00007ff842580000 - 0x00007ff842629000 	C:\Windows\System32\clbcatq.dll
0x00007ff81d0e0000 - 0x00007ff81d219000 	C:\Windows\SYSTEM32\dxilconv.dll

dbghelp: loaded successfully - version: 4.0.5 - missing functions: none
symbol engine: initialized successfully - sym options: 0x614 - pdb path: .;C:\Users\Usuario\.jdks\corretto-16.0.2\bin;C:\Windows\SYSTEM32;C:\Windows\WinSxS\amd64_microsoft.windows.common-controls_6595b64144ccf1df_6.0.19041.1110_none_60b5254171f9507e;C:\Users\Usuario\.jdks\corretto-16.0.2\bin\server;C:\Users\Usuario\AppData\Local\JetBrains\Toolbox\apps\IDEA-E\ch-0\212.5284.55\bin;C:\Users\Usuario\.skiko\80fc6444015995e586d4d2f41cb25284608cc484748d064cc0259bc4ea610782;C:\Windows\System32\DriverStore\FileRepository\igdlh64.inf_amd64_aa3a0bcfbcf24a1b;C:\Windows\System32\DriverStore\FileRepository\nvaci.inf_amd64_3a28859ceb44fcc2

VM Arguments:
jvm_args: -javaagent:C:\Users\Usuario\AppData\Local\JetBrains\Toolbox\apps\IDEA-E\ch-0\212.5284.55\lib\idea_rt.jar=53834:C:\Users\Usuario\AppData\Local\JetBrains\Toolbox\apps\IDEA-E\ch-0\212.5284.55\bin -Dfile.encoding=UTF-8 
java_command: MainKt
java_class_path (initial): C:\Users\Usuario\Desktop\pruebaEx-master\build\classes\kotlin\main;C:\Users\Usuario\.gradle\caches\modules-2\files-2.1\org.jetbrains.kotlin\kotlin-stdlib-jdk8\1.5.21\6b3de2a43405a65502728047db37a98a0c7e72f0\kotlin-stdlib-jdk8-1.5.21.jar;C:\Users\Usuario\.gradle\caches\modules-2\files-2.1\com.google.code.gson\gson\2.8.9\8a432c1d6825781e21a02db2e2c33c5fde2833b9\gson-2.8.9.jar;C:\Users\Usuario\.gradle\caches\modules-2\files-2.1\org.jetbrains.kotlin\kotlin-stdlib-jdk7\1.5.21\f059658740a4b3a3461aba9681457615332bae1c\kotlin-stdlib-jdk7-1.5.21.jar;C:\Users\Usuario\.gradle\caches\modules-2\files-2.1\org.jetbrains.kotlin\kotlin-stdlib\1.5.21\2f537cad7e9eeb9da73738c8812e1e4cf9b62e4e\kotlin-stdlib-1.5.21.jar;C:\Users\Usuario\.gradle\caches\modules-2\files-2.1\org.jetbrains.compose.desktop\desktop-jvm\1.0.0-alpha3\7d2ec16f4e057de47d41ffc5c8416f9f85aeab3e\desktop-jvm-1.0.0-alpha3.jar;C:\Users\Usuario\.gradle\caches\modules-2\files-2.1\org.jetbrains\annotations\13.0\919f0dfe192fb4e063e7dacadee7f8bb9a2672a9\annotations-13.0.jar;C:\Users\Usuario\.gradle\caches\modules-2\files-2.1\org.jetbrains.kotlin\kotlin-stdlib-common\1.5.21\cc8bf3586fd2ebcf234058b9440bb406e62dfacb\kotlin-stdlib-common-1.5.21.jar;C:\Users\Usuario\.gradle\caches\modules-2\files-2.1\org.jetbrains.compose.material\material-desktop\1.0.0-alpha3\60d4a46d2ee31e82ab61342887203b23aee0ba83\material-desktop-1.0.0-alpha3.jar;C:\Users\Usuario\.gradle\caches\modules-2\files-2.1\org.jetbrains.compose.foundation\foundation-desktop\1.0.0-alpha3\29c590b69d13ec16352497848d1bf05da1de062e\foundation-desktop-1.0.0-alpha3.jar;C:\Users\Usuario\.gradle\caches\modules-2\files-2.1\org.jetbrains.compose.ui\ui-desktop\1.0.0-alpha3\7f33f2592490b6d23494c0842d6f15ac592f9bb7\ui-desktop-1.0.0-alpha3.jar;C:\Users\Usuario\.gradle\caches\modules-2\files-2.1\org.jetbrains.compose.ui\ui-tooling-preview-desktop\1.0.0-alpha3\4676c56ea7defd68facfab054079ac1e76aba57f\ui-tooling-preview-desktop-1.0.0-alpha3.jar;C:\Users\Usuar
Launcher Type: SUN_STANDARD

[Global flags]
     intx CICompilerCount                          = 3                                         {product} {ergonomic}
     uint ConcGCThreads                            = 1                                         {product} {ergonomic}
     uint G1ConcRefinementThreads                  = 4                                         {product} {ergonomic}
   size_t G1HeapRegionSize                         = 1048576                                   {product} {ergonomic}
    uintx GCDrainStackTargetSize                   = 64                                        {product} {ergonomic}
   size_t InitialHeapSize                          = 132120576                                 {product} {ergonomic}
   size_t MarkStackSize                            = 4194304                                   {product} {ergonomic}
   size_t MaxHeapSize                              = 2113929216                                {product} {ergonomic}
   size_t MaxNewSize                               = 1267728384                                {product} {ergonomic}
   size_t MinHeapDeltaBytes                        = 1048576                                   {product} {ergonomic}
   size_t MinHeapSize                              = 8388608                                   {product} {ergonomic}
    uintx NonNMethodCodeHeapSize                   = 5832780                                {pd product} {ergonomic}
    uintx NonProfiledCodeHeapSize                  = 122912730                              {pd product} {ergonomic}
    uintx ProfiledCodeHeapSize                     = 122912730                              {pd product} {ergonomic}
    uintx ReservedCodeCacheSize                    = 251658240                              {pd product} {ergonomic}
     bool SegmentedCodeCache                       = true                                      {product} {ergonomic}
   size_t SoftMaxHeapSize                          = 2113929216                             {manageable} {ergonomic}
     bool UseCompressedClassPointers               = true                           {product lp64_product} {ergonomic}
     bool UseCompressedOops                        = true                           {product lp64_product} {ergonomic}
     bool UseG1GC                                  = true                                      {product} {ergonomic}
     bool UseLargePagesIndividualAllocation        = false                                  {pd product} {ergonomic}

Logging:
Log output configuration:
 #0: stdout all=warning uptime,level,tags
 #1: stderr all=off uptime,level,tags

Environment Variables:
PATH=C:\Program Files (x86)\Common Files\Oracle\Java\javapath;C:\Windows\system32;C:\Windows;C:\Windows\System32\Wbem;C:\Windows\System32\WindowsPowerShell\v1.0\;C:\Windows\System32\OpenSSH\;C:\Program Files\NVIDIA Corporation\NVIDIA NvDLISR;C:\Program Files (x86)\NVIDIA Corporation\PhysX\Common;C:\Program Files\Git\cmd;C:\Users\Usuario\AppData\Local\activestate\cache\bin;C:\Users\Usuario\AppData\Local\ActiveState\StateTool\release\bin;C:\Users\Usuario\AppData\Local\Programs\Python\Python37\Scripts\;C:\Users\Usuario\AppData\Local\Programs\Python\Python37\;C:\Users\Usuario\AppData\Local\Microsoft\WindowsApps;;C:\Program Files\JetBrains\IntelliJ IDEA Community Edition 2021.2.2\bin;
USERNAME=Usuario
OS=Windows_NT
PROCESSOR_IDENTIFIER=Intel64 Family 6 Model 78 Stepping 3, GenuineIntel



---------------  S Y S T E M  ---------------

OS:
 Windows 10 , 64 bit Build 19041 (10.0.19041.1645)
OS uptime: 0 days 9:20 hours

CPU: total 4 (initial active 4) (2 cores per cpu, 2 threads per core) family 6 model 78 stepping 3 microcode 0xcc, cx8, cmov, fxsr, ht, mmx, 3dnowpref, sse, sse2, sse3, ssse3, sse4.1, sse4.2, popcnt, lzcnt, tsc, tscinvbit, avx, avx2, aes, erms, clmul, bmi1, bmi2, adx, fma, vzeroupper, clflush, clflushopt

Memory: 4k page, system-wide physical 8058M (1204M free)
TotalPageFile size 10746M (AvailPageFile size 2227M)
current process WorkingSet (physical memory assigned to process): 255M, peak: 317M
current process commit charge ("private bytes"): 378M, peak: 507M

vm_info: OpenJDK 64-Bit Server VM (16.0.2+7) for windows-amd64 JRE (16.0.2+7), built on Jul 22 2021 01:11:46 by "Administrator" with MS VC++ 15.9 (VS2017)

END.
